09/02/2020 10:21:25 INFO: -------------------------------------------------------
09/02/2020 10:21:25 INFO: epoch: 0
09/02/2020 10:22:02 INFO: 	Loss:	74.330
09/02/2020 10:22:02 INFO: Best Result:
09/02/2020 10:22:02 INFO: 	Recall@20:	4.0404	MMR@20:	0.6073	Epoch:	0,	0
09/02/2020 10:22:02 INFO: -------------------------------------------------------
09/02/2020 10:22:02 INFO: epoch: 1
09/02/2020 10:22:04 INFO: 	Loss:	72.428
09/02/2020 10:22:04 INFO: Best Result:
09/02/2020 10:22:04 INFO: 	Recall@20:	9.0909	MMR@20:	3.9139	Epoch:	1,	1
09/02/2020 10:22:04 INFO: -------------------------------------------------------
09/02/2020 10:22:04 INFO: epoch: 2
09/02/2020 10:22:05 INFO: 	Loss:	69.484
09/02/2020 10:22:05 INFO: Best Result:
09/02/2020 10:22:05 INFO: 	Recall@20:	9.0909	MMR@20:	3.9139	Epoch:	2,	1
09/02/2020 10:22:05 INFO: -------------------------------------------------------
09/02/2020 10:22:05 INFO: epoch: 3
09/02/2020 10:22:07 INFO: 	Loss:	68.478
09/02/2020 10:22:07 INFO: Best Result:
09/02/2020 10:22:07 INFO: 	Recall@20:	11.1111	MMR@20:	3.9139	Epoch:	3,	1
09/02/2020 10:22:07 INFO: -------------------------------------------------------
09/02/2020 10:22:07 INFO: epoch: 4
09/02/2020 10:22:09 INFO: 	Loss:	66.629
09/02/2020 10:22:09 INFO: Best Result:
09/02/2020 10:22:09 INFO: 	Recall@20:	14.1414	MMR@20:	3.9139	Epoch:	4,	1
09/02/2020 10:22:09 INFO: -------------------------------------------------------
09/02/2020 10:22:09 INFO: epoch: 5
09/02/2020 10:22:11 INFO: 	Loss:	66.964
09/02/2020 10:22:11 INFO: Best Result:
09/02/2020 10:22:11 INFO: 	Recall@20:	14.1414	MMR@20:	3.9139	Epoch:	5,	1
09/02/2020 10:22:11 INFO: -------------------------------------------------------
09/02/2020 10:22:11 INFO: epoch: 6
09/02/2020 10:22:12 INFO: 	Loss:	66.152
09/02/2020 10:22:13 INFO: Best Result:
09/02/2020 10:22:13 INFO: 	Recall@20:	15.1515	MMR@20:	3.9139	Epoch:	6,	1
09/02/2020 10:22:13 INFO: -------------------------------------------------------
09/02/2020 10:22:13 INFO: epoch: 7
09/02/2020 10:22:14 INFO: 	Loss:	66.513
09/02/2020 10:22:14 INFO: Best Result:
09/02/2020 10:22:14 INFO: 	Recall@20:	15.1515	MMR@20:	3.9139	Epoch:	7,	1
09/02/2020 10:22:14 INFO: -------------------------------------------------------
09/02/2020 10:22:14 INFO: epoch: 8
09/02/2020 10:22:16 INFO: 	Loss:	66.091
09/02/2020 10:22:16 INFO: Best Result:
09/02/2020 10:22:16 INFO: 	Recall@20:	15.1515	MMR@20:	3.9139	Epoch:	8,	1
09/02/2020 10:22:16 INFO: -------------------------------------------------------
09/02/2020 10:22:16 INFO: epoch: 9
09/02/2020 10:22:18 INFO: 	Loss:	65.650
09/02/2020 10:22:18 INFO: Best Result:
09/02/2020 10:22:18 INFO: 	Recall@20:	15.1515	MMR@20:	3.9139	Epoch:	9,	1
09/02/2020 10:22:18 INFO: -------------------------------------------------------
09/02/2020 10:22:18 INFO: epoch: 10
09/02/2020 10:22:20 INFO: 	Loss:	65.679
09/02/2020 10:22:20 INFO: Best Result:
09/02/2020 10:22:20 INFO: 	Recall@20:	15.1515	MMR@20:	3.9139	Epoch:	10,	1
09/02/2020 10:22:20 INFO: -------------------------------------------------------
09/02/2020 10:22:20 INFO: epoch: 11
09/02/2020 10:22:21 INFO: 	Loss:	66.407
09/02/2020 10:22:22 INFO: Best Result:
09/02/2020 10:22:22 INFO: 	Recall@20:	15.1515	MMR@20:	3.9139	Epoch:	11,	1
09/02/2020 10:22:22 INFO: -------------------------------------------------------
09/02/2020 10:22:22 INFO: epoch: 12
09/02/2020 10:22:23 INFO: 	Loss:	65.723
09/02/2020 10:22:23 INFO: Best Result:
09/02/2020 10:22:23 INFO: 	Recall@20:	15.1515	MMR@20:	3.9139	Epoch:	12,	1
09/02/2020 10:22:23 INFO: -------------------------------------------------------
09/02/2020 10:22:23 INFO: epoch: 13
09/02/2020 10:22:25 INFO: 	Loss:	66.191
09/02/2020 10:22:25 INFO: Best Result:
09/02/2020 10:22:25 INFO: 	Recall@20:	15.1515	MMR@20:	3.9139	Epoch:	13,	1
09/02/2020 10:22:25 INFO: -------------------------------------------------------
09/02/2020 10:22:25 INFO: epoch: 14
09/02/2020 10:22:27 INFO: 	Loss:	66.516
09/02/2020 10:22:27 INFO: Best Result:
09/02/2020 10:22:27 INFO: 	Recall@20:	15.1515	MMR@20:	3.9139	Epoch:	14,	1
09/02/2020 10:22:27 INFO: -------------------------------------------------------
09/02/2020 10:22:27 INFO: epoch: 15
09/02/2020 10:22:29 INFO: 	Loss:	66.420
09/02/2020 10:22:29 INFO: Best Result:
09/02/2020 10:22:29 INFO: 	Recall@20:	15.1515	MMR@20:	3.9139	Epoch:	15,	1
09/02/2020 10:22:29 INFO: -------------------------------------------------------
09/02/2020 10:22:29 INFO: epoch: 16
09/02/2020 10:22:30 INFO: 	Loss:	66.798
09/02/2020 10:22:30 INFO: Best Result:
09/02/2020 10:22:30 INFO: 	Recall@20:	15.1515	MMR@20:	3.9139	Epoch:	16,	1
09/02/2020 10:22:30 INFO: -------------------------------------------------------
09/02/2020 10:22:30 INFO: epoch: 17
09/02/2020 10:22:32 INFO: 	Loss:	66.769
09/02/2020 10:22:32 INFO: Best Result:
09/02/2020 10:22:32 INFO: 	Recall@20:	15.1515	MMR@20:	3.9139	Epoch:	17,	1
09/02/2020 10:22:32 INFO: -------------------------------------------------------
09/02/2020 10:22:32 INFO: epoch: 18
09/02/2020 10:22:34 INFO: 	Loss:	66.746
09/02/2020 10:22:34 INFO: Best Result:
09/02/2020 10:22:34 INFO: 	Recall@20:	15.1515	MMR@20:	3.9139	Epoch:	18,	1
09/02/2020 10:22:34 INFO: -------------------------------------------------------
09/02/2020 10:22:34 INFO: epoch: 19
09/02/2020 10:22:36 INFO: 	Loss:	65.886
09/02/2020 10:22:36 INFO: Best Result:
09/02/2020 10:22:36 INFO: 	Recall@20:	15.1515	MMR@20:	3.9139	Epoch:	19,	1
09/02/2020 10:22:36 INFO: -------------------------------------------------------
09/02/2020 10:22:36 INFO: epoch: 20
09/02/2020 10:22:38 INFO: 	Loss:	66.578
09/02/2020 10:22:38 INFO: Best Result:
09/02/2020 10:22:38 INFO: 	Recall@20:	15.1515	MMR@20:	3.9139	Epoch:	20,	1
09/02/2020 10:22:38 INFO: -------------------------------------------------------
09/02/2020 10:22:38 INFO: epoch: 21
09/02/2020 10:22:39 INFO: 	Loss:	66.735
09/02/2020 10:22:40 INFO: Best Result:
09/02/2020 10:22:40 INFO: 	Recall@20:	15.1515	MMR@20:	3.9139	Epoch:	21,	1
09/02/2020 10:22:40 INFO: -------------------------------------------------------
09/02/2020 10:22:40 INFO: epoch: 22
09/02/2020 10:22:41 INFO: 	Loss:	66.545
09/02/2020 10:22:41 INFO: Best Result:
09/02/2020 10:22:41 INFO: 	Recall@20:	15.1515	MMR@20:	3.9139	Epoch:	22,	1
09/02/2020 10:22:41 INFO: -------------------------------------------------------
09/02/2020 10:22:41 INFO: epoch: 23
09/02/2020 10:22:43 INFO: 	Loss:	66.547
09/02/2020 10:22:43 INFO: Best Result:
09/02/2020 10:22:43 INFO: 	Recall@20:	15.1515	MMR@20:	3.9139	Epoch:	23,	1
09/02/2020 10:22:43 INFO: -------------------------------------------------------
09/02/2020 10:22:43 INFO: epoch: 24
09/02/2020 10:22:45 INFO: 	Loss:	66.910
09/02/2020 10:22:45 INFO: Best Result:
09/02/2020 10:22:45 INFO: 	Recall@20:	15.1515	MMR@20:	3.9139	Epoch:	24,	1
09/02/2020 10:22:45 INFO: -------------------------------------------------------
09/02/2020 10:22:45 INFO: epoch: 25
09/02/2020 10:22:47 INFO: 	Loss:	66.332
09/02/2020 10:22:47 INFO: Best Result:
09/02/2020 10:22:47 INFO: 	Recall@20:	15.1515	MMR@20:	3.9139	Epoch:	25,	1
09/02/2020 10:22:47 INFO: -------------------------------------------------------
09/02/2020 10:22:47 INFO: epoch: 26
09/02/2020 10:22:49 INFO: 	Loss:	66.403
09/02/2020 10:22:49 INFO: Best Result:
09/02/2020 10:22:49 INFO: 	Recall@20:	15.1515	MMR@20:	3.9139	Epoch:	26,	1
09/02/2020 10:22:49 INFO: -------------------------------------------------------
09/02/2020 10:22:49 INFO: epoch: 27
09/02/2020 10:22:50 INFO: 	Loss:	66.783
09/02/2020 10:22:50 INFO: Best Result:
09/02/2020 10:22:50 INFO: 	Recall@20:	15.1515	MMR@20:	3.9139	Epoch:	27,	1
09/02/2020 10:22:50 INFO: -------------------------------------------------------
09/02/2020 10:22:50 INFO: epoch: 28
09/02/2020 10:22:52 INFO: 	Loss:	66.746
09/02/2020 10:22:52 INFO: Best Result:
09/02/2020 10:22:52 INFO: 	Recall@20:	15.1515	MMR@20:	3.9139	Epoch:	28,	1
09/02/2020 10:22:52 INFO: -------------------------------------------------------
09/02/2020 10:22:52 INFO: epoch: 29
09/02/2020 10:22:54 INFO: 	Loss:	66.372
09/02/2020 10:22:54 INFO: Best Result:
09/02/2020 10:22:54 INFO: 	Recall@20:	15.1515	MMR@20:	3.9139	Epoch:	29,	1
09/02/2020 10:22:54 INFO: -------------------------------------------------------
09/02/2020 10:22:54 INFO: Run time: 88.892526 s
